<?xml version="1.0" encoding="UTF-8"?>
<!-- Generated by org.testng.reporters.JUnitXMLReporter -->
<testsuite hostname="vensys110" ignored="1" name="Test(failed)(failed)" tests="1" failures="1" timestamp="23 Aug 2018 09:54:28 GMT" time="2.094" errors="0">
  <testcase name="clickRegistrationLink" time="2.062" classname="com.demo.testsuites.HomepageTest">
    <failure type="java.lang.NullPointerException">
      <![CDATA[java.lang.NullPointerException
at org.openqa.selenium.support.pagefactory.DefaultElementLocator.findElement(DefaultElementLocator.java:69)
at org.openqa.selenium.support.pagefactory.internal.LocatingElementHandler.invoke(LocatingElementHandler.java:38)
at com.sun.proxy.$Proxy7.click(Unknown Source)
at com.demo.pageobjects.PageActions.clickk(PageActions.java:19)
at com.demo.mainclasses.Homepage.clickOnRegistrationLink(Homepage.java:43)
at com.demo.testsuites.HomepageTest.clickRegistrationLink(HomepageTest.java:23)
... Removed 25 stack frames]]>
    </failure>
  </testcase> <!-- clickRegistrationLink -->
  <testcase name="setDriverr" time="0.0" classname="com.demo.testsuites.HomepageTest">
    <ignored/>
  </testcase> <!-- setDriverr -->
</testsuite> <!-- Test(failed)(failed) -->
